2026-07-15T14:57:32.206+05:30  INFO 23744 --- [API-GATEWAY] [main] c.m.e.apigateway.ApigatewayApplication   : Starting ApigatewayApplication using Java 21.0.10 with PID 23744 (D:\SpringInitializr\The_Zipped\MicroService-Individual\apigateway\target\classes started by SOMENATH in D:\SpringInitializr\The_Zipped\MicroService-Individual\apigateway)
2026-07-15T14:57:32.210+05:30 DEBUG 23744 --- [API-GATEWAY] [main] c.m.e.apigateway.ApigatewayApplication   : Running with Spring Boot v3.5.14, Spring v6.2.18
2026-07-15T14:57:32.211+05:30  INFO 23744 --- [API-GATEWAY] [main] c.m.e.apigateway.ApigatewayApplication   : No active profile set, falling back to 1 default profile: "default"
2026-07-15T14:57:33.054+05:30  INFO 23744 --- [API-GATEWAY] [main] .s.d.r.c.RepositoryConfigurationDelegate : Multiple Spring Data modules found, entering strict repository configuration mode
2026-07-15T14:57:33.056+05:30  INFO 23744 --- [API-GATEWAY] [main] .s.d.r.c.RepositoryConfigurationDelegate : Bootstrapping Spring Data R2DBC repositories in DEFAULT mode.
2026-07-15T14:57:33.156+05:30  INFO 23744 --- [API-GATEWAY] [main] .s.d.r.c.RepositoryConfigurationDelegate : Finished Spring Data repository scanning in 95 ms. Found 1 R2DBC repository interface.
2026-07-15T14:57:33.284+05:30  INFO 23744 --- [API-GATEWAY] [main] o.s.cloud.context.scope.GenericScope     : BeanFactory id=9f9b8390-2d51-3dc5-8c12-f7e85fb6cbe8
2026-07-15T14:57:34.186+05:30  INFO 23744 --- [API-GATEWAY] [main] o.s.c.g.r.RouteDefinitionRouteLocator    : Loaded RoutePredicateFactory [After]
2026-07-15T14:57:34.187+05:30  INFO 23744 --- [API-GATEWAY] [main] o.s.c.g.r.RouteDefinitionRouteLocator    : Loaded RoutePredicateFactory [Before]
2026-07-15T14:57:34.187+05:30  INFO 23744 --- [API-GATEWAY] [main] o.s.c.g.r.RouteDefinitionRouteLocator    : Loaded RoutePredicateFactory [Between]
2026-07-15T14:57:34.187+05:30  INFO 23744 --- [API-GATEWAY] [main] o.s.c.g.r.RouteDefinitionRouteLocator    : Loaded RoutePredicateFactory [Cookie]
2026-07-15T14:57:34.187+05:30  INFO 23744 --- [API-GATEWAY] [main] o.s.c.g.r.RouteDefinitionRouteLocator    : Loaded RoutePredicateFactory [Header]
2026-07-15T14:57:34.187+05:30  INFO 23744 --- [API-GATEWAY] [main] o.s.c.g.r.RouteDefinitionRouteLocator    : Loaded RoutePredicateFactory [Host]
2026-07-15T14:57:34.187+05:30  INFO 23744 --- [API-GATEWAY] [main] o.s.c.g.r.RouteDefinitionRouteLocator    : Loaded RoutePredicateFactory [Method]
2026-07-15T14:57:34.188+05:30  INFO 23744 --- [API-GATEWAY] [main] o.s.c.g.r.RouteDefinitionRouteLocator    : Loaded RoutePredicateFactory [Path]
2026-07-15T14:57:34.188+05:30  INFO 23744 --- [API-GATEWAY] [main] o.s.c.g.r.RouteDefinitionRouteLocator    : Loaded RoutePredicateFactory [Query]
2026-07-15T14:57:34.188+05:30  INFO 23744 --- [API-GATEWAY] [main] o.s.c.g.r.RouteDefinitionRouteLocator    : Loaded RoutePredicateFactory [ReadBody]
2026-07-15T14:57:34.188+05:30  INFO 23744 --- [API-GATEWAY] [main] o.s.c.g.r.RouteDefinitionRouteLocator    : Loaded RoutePredicateFactory [RemoteAddr]
2026-07-15T14:57:34.189+05:30  INFO 23744 --- [API-GATEWAY] [main] o.s.c.g.r.RouteDefinitionRouteLocator    : Loaded RoutePredicateFactory [XForwardedRemoteAddr]
2026-07-15T14:57:34.189+05:30  INFO 23744 --- [API-GATEWAY] [main] o.s.c.g.r.RouteDefinitionRouteLocator    : Loaded RoutePredicateFactory [Weight]
2026-07-15T14:57:34.189+05:30  INFO 23744 --- [API-GATEWAY] [main] o.s.c.g.r.RouteDefinitionRouteLocator    : Loaded RoutePredicateFactory [CloudFoundryRouteService]
2026-07-15T14:57:34.507+05:30  INFO 23744 --- [API-GATEWAY] [main] o.s.b.a.e.web.EndpointLinksResolver      : Exposing 1 endpoint beneath base path '/actuator'
2026-07-15T14:57:34.699+05:30  INFO 23744 --- [API-GATEWAY] [main] DiscoveryClientOptionalArgsConfiguration : Eureka HTTP Client uses RestTemplate.
2026-07-15T14:57:34.719+05:30  WARN 23744 --- [API-GATEWAY] [main] iguration$LoadBalancerCaffeineWarnLogger : Spring Cloud LoadBalancer is currently working with the default cache. While this cache implementation is useful for development and tests, it's recommended to use Caffeine cache in production.You can switch to using Caffeine cache, by adding it and org.springframework.cache.caffeine.CaffeineCacheManager to the classpath.
2026-07-15T14:57:34.770+05:30  INFO 23744 --- [API-GATEWAY] [main] o.s.c.n.eureka.InstanceInfoFactory       : Setting initial instance status as: STARTING
2026-07-15T14:57:34.784+05:30  INFO 23744 --- [API-GATEWAY] [main] com.netflix.discovery.DiscoveryClient    : Initializing Eureka in region us-east-1
2026-07-15T14:57:34.787+05:30  INFO 23744 --- [API-GATEWAY] [main] c.n.d.s.r.aws.ConfigClusterResolver      : Resolving eureka endpoints via configuration
2026-07-15T14:57:34.794+05:30  INFO 23744 --- [API-GATEWAY] [main] com.netflix.discovery.DiscoveryClient    : Disable delta property : false
2026-07-15T14:57:34.794+05:30  INFO 23744 --- [API-GATEWAY] [main] com.netflix.discovery.DiscoveryClient    : Single vip registry refresh property : null
2026-07-15T14:57:34.794+05:30  INFO 23744 --- [API-GATEWAY] [main] com.netflix.discovery.DiscoveryClient    : Force full registry fetch : false
2026-07-15T14:57:34.794+05:30  INFO 23744 --- [API-GATEWAY] [main] com.netflix.discovery.DiscoveryClient    : Application is null : false
2026-07-15T14:57:34.794+05:30  INFO 23744 --- [API-GATEWAY] [main] com.netflix.discovery.DiscoveryClient    : Registered Applications size is zero : true
2026-07-15T14:57:34.794+05:30  INFO 23744 --- [API-GATEWAY] [main] com.netflix.discovery.DiscoveryClient    : Application version is -1: true
2026-07-15T14:57:34.794+05:30  INFO 23744 --- [API-GATEWAY] [main] com.netflix.discovery.DiscoveryClient    : Getting all instance registry info from the eureka server
2026-07-15T14:57:34.971+05:30  INFO 23744 --- [API-GATEWAY] [main] com.netflix.discovery.DiscoveryClient    : The response status is 200
2026-07-15T14:57:34.972+05:30  INFO 23744 --- [API-GATEWAY] [main] com.netflix.discovery.DiscoveryClient    : Starting heartbeat executor: renew interval is: 30
2026-07-15T14:57:34.974+05:30  INFO 23744 --- [API-GATEWAY] [main] c.n.discovery.InstanceInfoReplicator     : InstanceInfoReplicator onDemand update allowed rate per min is 4
2026-07-15T14:57:34.977+05:30  INFO 23744 --- [API-GATEWAY] [main] com.netflix.discovery.DiscoveryClient    : Discovery Client initialized at timestamp 1784107654976 with initial instances count: 2
2026-07-15T14:57:34.978+05:30  INFO 23744 --- [API-GATEWAY] [main] o.s.c.n.e.s.EurekaServiceRegistry        : Registering application API-GATEWAY with eureka with status UP
2026-07-15T14:57:34.978+05:30  INFO 23744 --- [API-GATEWAY] [main] com.netflix.discovery.DiscoveryClient    : Saw local status change event StatusChangeEvent [timestamp=1784107654978, current=UP, previous=STARTING]
2026-07-15T14:57:34.980+05:30  INFO 23744 --- [API-GATEWAY] [DiscoveryClient-InstanceInfoReplicator-%d] com.netflix.discovery.DiscoveryClient    : DiscoveryClient_API-GATEWAY/LAPTOP-R7OQ42VU:API-GATEWAY:8080: registering service...
2026-07-15T14:57:35.020+05:30  INFO 23744 --- [API-GATEWAY] [DiscoveryClient-InstanceInfoReplicator-%d] com.netflix.discovery.DiscoveryClient    : DiscoveryClient_API-GATEWAY/LAPTOP-R7OQ42VU:API-GATEWAY:8080 - registration status: 204
2026-07-15T14:57:35.148+05:30  INFO 23744 --- [API-GATEWAY] [main] o.s.b.web.embedded.netty.NettyWebServer  : Netty started on port 8080 (http)
2026-07-15T14:57:35.149+05:30  INFO 23744 --- [API-GATEWAY] [main] .s.c.n.e.s.EurekaAutoServiceRegistration : Updating port to 8080
2026-07-15T14:57:35.183+05:30  INFO 23744 --- [API-GATEWAY] [main] c.m.e.apigateway.ApigatewayApplication   : Started ApigatewayApplication in 3.262 seconds (process running for 3.75)
2026-07-15T14:57:40.641+05:30  WARN 23744 --- [API-GATEWAY] [reactor-http-nio-2] .d.DefaultDnsServerAddressStreamProvider : Default DNS servers: [/[2001:4860:4860:0:0:0:0:8888]:53, /[2001:4860:4860:0:0:0:0:8844]:53] (Google Public DNS as a fallback)
2026-07-15T15:02:34.811+05:30  INFO 23744 --- [API-GATEWAY] [AsyncResolver-bootstrap-executor-%d] c.n.d.s.r.aws.ConfigClusterResolver      : Resolving eureka endpoints via configuration
2026-07-15T15:05:45.989+05:30  INFO 23744 --- [API-GATEWAY] [RMI TCP Connection(18)-127.0.0.1] inMXBeanRegistrar$SpringApplicationAdmin : Application shutdown requested.
2026-07-15T15:05:45.991+05:30  INFO 23744 --- [API-GATEWAY] [RMI TCP Connection(18)-127.0.0.1] o.s.c.n.e.s.EurekaServiceRegistry        : Unregistering application API-GATEWAY with eureka with status DOWN
2026-07-15T15:05:45.991+05:30  INFO 23744 --- [API-GATEWAY] [RMI TCP Connection(18)-127.0.0.1] com.netflix.discovery.DiscoveryClient    : Saw local status change event StatusChangeEvent [timestamp=1784108145991, current=DOWN, previous=UP]
2026-07-15T15:05:45.991+05:30  INFO 23744 --- [API-GATEWAY] [DiscoveryClient-InstanceInfoReplicator-%d] com.netflix.discovery.DiscoveryClient    : DiscoveryClient_API-GATEWAY/LAPTOP-R7OQ42VU:API-GATEWAY:8080: registering service...
2026-07-15T15:05:45.995+05:30  INFO 23744 --- [API-GATEWAY] [RMI TCP Connection(18)-127.0.0.1] o.s.b.w.embedded.netty.GracefulShutdown  : Commencing graceful shutdown. Waiting for active requests to complete
2026-07-15T15:05:45.998+05:30  INFO 23744 --- [API-GATEWAY] [netty-shutdown] o.s.b.w.embedded.netty.GracefulShutdown  : Graceful shutdown complete
2026-07-15T15:05:46.001+05:30  INFO 23744 --- [API-GATEWAY] [DiscoveryClient-InstanceInfoReplicator-%d] com.netflix.discovery.DiscoveryClient    : DiscoveryClient_API-GATEWAY/LAPTOP-R7OQ42VU:API-GATEWAY:8080 - registration status: 204
2026-07-15T15:05:48.124+05:30  INFO 23744 --- [API-GATEWAY] [RMI TCP Connection(18)-127.0.0.1] com.netflix.discovery.DiscoveryClient    : Shutting down DiscoveryClient ...
2026-07-15T15:05:51.137+05:30  INFO 23744 --- [API-GATEWAY] [RMI TCP Connection(18)-127.0.0.1] com.netflix.discovery.DiscoveryClient    : Unregistering ...
2026-07-15T15:05:51.155+05:30  INFO 23744 --- [API-GATEWAY] [RMI TCP Connection(18)-127.0.0.1] com.netflix.discovery.DiscoveryClient    : DiscoveryClient_API-GATEWAY/LAPTOP-R7OQ42VU:API-GATEWAY:8080 - deregister  status: 200
2026-07-15T15:05:51.155+05:30  INFO 23744 --- [API-GATEWAY] [RMI TCP Connection(18)-127.0.0.1] com.netflix.discovery.DiscoveryClient    : Completed shut down of DiscoveryClient
2026-07-15T15:05:52.919+05:30  INFO 15544 --- [API-GATEWAY] [main] c.m.e.apigateway.ApigatewayApplication   : Starting ApigatewayApplication using Java 21.0.10 with PID 15544 (D:\SpringInitializr\The_Zipped\MicroService-Individual\apigateway\target\classes started by SOMENATH in D:\SpringInitializr\The_Zipped\MicroService-Individual\apigateway)
2026-07-15T15:05:52.920+05:30 DEBUG 15544 --- [API-GATEWAY] [main] c.m.e.apigateway.ApigatewayApplication   : Running with Spring Boot v3.5.14, Spring v6.2.18
2026-07-15T15:05:52.921+05:30  INFO 15544 --- [API-GATEWAY] [main] c.m.e.apigateway.ApigatewayApplication   : No active profile set, falling back to 1 default profile: "default"
2026-07-15T15:05:53.670+05:30  INFO 15544 --- [API-GATEWAY] [main] .s.d.r.c.RepositoryConfigurationDelegate : Multiple Spring Data modules found, entering strict repository configuration mode
2026-07-15T15:05:53.673+05:30  INFO 15544 --- [API-GATEWAY] [main] .s.d.r.c.RepositoryConfigurationDelegate : Bootstrapping Spring Data R2DBC repositories in DEFAULT mode.
2026-07-15T15:05:53.751+05:30  INFO 15544 --- [API-GATEWAY] [main] .s.d.r.c.RepositoryConfigurationDelegate : Finished Spring Data repository scanning in 73 ms. Found 1 R2DBC repository interface.
2026-07-15T15:05:53.893+05:30  INFO 15544 --- [API-GATEWAY] [main] o.s.cloud.context.scope.GenericScope     : BeanFactory id=9f9b8390-2d51-3dc5-8c12-f7e85fb6cbe8
2026-07-15T15:05:54.639+05:30  INFO 15544 --- [API-GATEWAY] [main] o.s.c.g.r.RouteDefinitionRouteLocator    : Loaded RoutePredicateFactory [After]
2026-07-15T15:05:54.639+05:30  INFO 15544 --- [API-GATEWAY] [main] o.s.c.g.r.RouteDefinitionRouteLocator    : Loaded RoutePredicateFactory [Before]
2026-07-15T15:05:54.640+05:30  INFO 15544 --- [API-GATEWAY] [main] o.s.c.g.r.RouteDefinitionRouteLocator    : Loaded RoutePredicateFactory [Between]
2026-07-15T15:05:54.640+05:30  INFO 15544 --- [API-GATEWAY] [main] o.s.c.g.r.RouteDefinitionRouteLocator    : Loaded RoutePredicateFactory [Cookie]
2026-07-15T15:05:54.640+05:30  INFO 15544 --- [API-GATEWAY] [main] o.s.c.g.r.RouteDefinitionRouteLocator    : Loaded RoutePredicateFactory [Header]
2026-07-15T15:05:54.640+05:30  INFO 15544 --- [API-GATEWAY] [main] o.s.c.g.r.RouteDefinitionRouteLocator    : Loaded RoutePredicateFactory [Host]
2026-07-15T15:05:54.640+05:30  INFO 15544 --- [API-GATEWAY] [main] o.s.c.g.r.RouteDefinitionRouteLocator    : Loaded RoutePredicateFactory [Method]
2026-07-15T15:05:54.640+05:30  INFO 15544 --- [API-GATEWAY] [main] o.s.c.g.r.RouteDefinitionRouteLocator    : Loaded RoutePredicateFactory [Path]
2026-07-15T15:05:54.640+05:30  INFO 15544 --- [API-GATEWAY] [main] o.s.c.g.r.RouteDefinitionRouteLocator    : Loaded RoutePredicateFactory [Query]
2026-07-15T15:05:54.640+05:30  INFO 15544 --- [API-GATEWAY] [main] o.s.c.g.r.RouteDefinitionRouteLocator    : Loaded RoutePredicateFactory [ReadBody]
2026-07-15T15:05:54.640+05:30  INFO 15544 --- [API-GATEWAY] [main] o.s.c.g.r.RouteDefinitionRouteLocator    : Loaded RoutePredicateFactory [RemoteAddr]
2026-07-15T15:05:54.640+05:30  INFO 15544 --- [API-GATEWAY] [main] o.s.c.g.r.RouteDefinitionRouteLocator    : Loaded RoutePredicateFactory [XForwardedRemoteAddr]
2026-07-15T15:05:54.641+05:30  INFO 15544 --- [API-GATEWAY] [main] o.s.c.g.r.RouteDefinitionRouteLocator    : Loaded RoutePredicateFactory [Weight]
2026-07-15T15:05:54.641+05:30  INFO 15544 --- [API-GATEWAY] [main] o.s.c.g.r.RouteDefinitionRouteLocator    : Loaded RoutePredicateFactory [CloudFoundryRouteService]
2026-07-15T15:05:54.936+05:30  INFO 15544 --- [API-GATEWAY] [main] o.s.b.a.e.web.EndpointLinksResolver      : Exposing 1 endpoint beneath base path '/actuator'
2026-07-15T15:05:55.100+05:30  INFO 15544 --- [API-GATEWAY] [main] DiscoveryClientOptionalArgsConfiguration : Eureka HTTP Client uses RestTemplate.
2026-07-15T15:05:55.120+05:30  WARN 15544 --- [API-GATEWAY] [main] iguration$LoadBalancerCaffeineWarnLogger : Spring Cloud LoadBalancer is currently working with the default cache. While this cache implementation is useful for development and tests, it's recommended to use Caffeine cache in production.You can switch to using Caffeine cache, by adding it and org.springframework.cache.caffeine.CaffeineCacheManager to the classpath.
2026-07-15T15:05:55.170+05:30  INFO 15544 --- [API-GATEWAY] [main] o.s.c.n.eureka.InstanceInfoFactory       : Setting initial instance status as: STARTING
2026-07-15T15:05:55.184+05:30  INFO 15544 --- [API-GATEWAY] [main] com.netflix.discovery.DiscoveryClient    : Initializing Eureka in region us-east-1
2026-07-15T15:05:55.196+05:30  INFO 15544 --- [API-GATEWAY] [main] c.n.d.s.r.aws.ConfigClusterResolver      : Resolving eureka endpoints via configuration
2026-07-15T15:05:55.213+05:30  INFO 15544 --- [API-GATEWAY] [main] com.netflix.discovery.DiscoveryClient    : Disable delta property : false
2026-07-15T15:05:55.214+05:30  INFO 15544 --- [API-GATEWAY] [main] com.netflix.discovery.DiscoveryClient    : Single vip registry refresh property : null
2026-07-15T15:05:55.214+05:30  INFO 15544 --- [API-GATEWAY] [main] com.netflix.discovery.DiscoveryClient    : Force full registry fetch : false
2026-07-15T15:05:55.214+05:30  INFO 15544 --- [API-GATEWAY] [main] com.netflix.discovery.DiscoveryClient    : Application is null : false
2026-07-15T15:05:55.215+05:30  INFO 15544 --- [API-GATEWAY] [main] com.netflix.discovery.DiscoveryClient    : Registered Applications size is zero : true
2026-07-15T15:05:55.215+05:30  INFO 15544 --- [API-GATEWAY] [main] com.netflix.discovery.DiscoveryClient    : Application version is -1: true
2026-07-15T15:05:55.215+05:30  INFO 15544 --- [API-GATEWAY] [main] com.netflix.discovery.DiscoveryClient    : Getting all instance registry info from the eureka server
2026-07-15T15:05:55.385+05:30  INFO 15544 --- [API-GATEWAY] [main] com.netflix.discovery.DiscoveryClient    : The response status is 200
2026-07-15T15:05:55.387+05:30  INFO 15544 --- [API-GATEWAY] [main] com.netflix.discovery.DiscoveryClient    : Starting heartbeat executor: renew interval is: 30
2026-07-15T15:05:55.388+05:30  INFO 15544 --- [API-GATEWAY] [main] c.n.discovery.InstanceInfoReplicator     : InstanceInfoReplicator onDemand update allowed rate per min is 4
2026-07-15T15:05:55.389+05:30  INFO 15544 --- [API-GATEWAY] [main] com.netflix.discovery.DiscoveryClient    : Discovery Client initialized at timestamp 1784108155388 with initial instances count: 3
2026-07-15T15:05:55.392+05:30  INFO 15544 --- [API-GATEWAY] [main] o.s.c.n.e.s.EurekaServiceRegistry        : Registering application API-GATEWAY with eureka with status UP
2026-07-15T15:05:55.392+05:30  INFO 15544 --- [API-GATEWAY] [main] com.netflix.discovery.DiscoveryClient    : Saw local status change event StatusChangeEvent [timestamp=1784108155392, current=UP, previous=STARTING]
2026-07-15T15:05:55.394+05:30  INFO 15544 --- [API-GATEWAY] [DiscoveryClient-InstanceInfoReplicator-%d] com.netflix.discovery.DiscoveryClient    : DiscoveryClient_API-GATEWAY/LAPTOP-R7OQ42VU:API-GATEWAY:8080: registering service...
2026-07-15T15:05:55.426+05:30  INFO 15544 --- [API-GATEWAY] [DiscoveryClient-InstanceInfoReplicator-%d] com.netflix.discovery.DiscoveryClient    : DiscoveryClient_API-GATEWAY/LAPTOP-R7OQ42VU:API-GATEWAY:8080 - registration status: 204
2026-07-15T15:05:55.520+05:30  INFO 15544 --- [API-GATEWAY] [main] o.s.b.web.embedded.netty.NettyWebServer  : Netty started on port 8080 (http)
2026-07-15T15:05:55.522+05:30  INFO 15544 --- [API-GATEWAY] [main] .s.c.n.e.s.EurekaAutoServiceRegistration : Updating port to 8080
2026-07-15T15:05:55.549+05:30  INFO 15544 --- [API-GATEWAY] [main] c.m.e.apigateway.ApigatewayApplication   : Started ApigatewayApplication in 2.905 seconds (process running for 3.396)
2026-07-15T15:10:55.219+05:30  INFO 15544 --- [API-GATEWAY] [AsyncResolver-bootstrap-executor-%d] c.n.d.s.r.aws.ConfigClusterResolver      : Resolving eureka endpoints via configuration
2026-07-15T15:15:55.228+05:30  INFO 15544 --- [API-GATEWAY] [AsyncResolver-bootstrap-executor-%d] c.n.d.s.r.aws.ConfigClusterResolver      : Resolving eureka endpoints via configuration
2026-07-15T15:20:55.238+05:30  INFO 15544 --- [API-GATEWAY] [AsyncResolver-bootstrap-executor-%d] c.n.d.s.r.aws.ConfigClusterResolver      : Resolving eureka endpoints via configuration
2026-07-15T15:21:20.414+05:30  WARN 15544 --- [API-GATEWAY] [reactor-http-nio-5] o.s.c.l.core.RoundRobinLoadBalancer      : No servers available for service: PAYMENT-SERVICE
2026-07-15T15:21:25.529+05:30  WARN 15544 --- [API-GATEWAY] [reactor-http-nio-5] o.s.c.l.core.RoundRobinLoadBalancer      : No servers available for service: PAYMENT-SERVICE
2026-07-15T15:21:40.048+05:30  WARN 15544 --- [API-GATEWAY] [reactor-http-nio-5] o.s.c.l.core.RoundRobinLoadBalancer      : No servers available for service: PAYMENT-SERVICE
2026-07-15T15:25:55.249+05:30  INFO 15544 --- [API-GATEWAY] [AsyncResolver-bootstrap-executor-%d] c.n.d.s.r.aws.ConfigClusterResolver      : Resolving eureka endpoints via configuration
2026-07-15T15:30:55.250+05:30  INFO 15544 --- [API-GATEWAY] [AsyncResolver-bootstrap-executor-%d] c.n.d.s.r.aws.ConfigClusterResolver      : Resolving eureka endpoints via configuration
2026-07-15T15:35:55.266+05:30  INFO 15544 --- [API-GATEWAY] [AsyncResolver-bootstrap-executor-%d] c.n.d.s.r.aws.ConfigClusterResolver      : Resolving eureka endpoints via configuration
2026-07-15T15:40:55.268+05:30  INFO 15544 --- [API-GATEWAY] [AsyncResolver-bootstrap-executor-%d] c.n.d.s.r.aws.ConfigClusterResolver      : Resolving eureka endpoints via configuration
2026-07-15T15:45:55.283+05:30  INFO 15544 --- [API-GATEWAY] [AsyncResolver-bootstrap-executor-%d] c.n.d.s.r.aws.ConfigClusterResolver      : Resolving eureka endpoints via configuration
2026-07-15T15:50:55.286+05:30  INFO 15544 --- [API-GATEWAY] [AsyncResolver-bootstrap-executor-%d] c.n.d.s.r.aws.ConfigClusterResolver      : Resolving eureka endpoints via configuration
2026-07-15T15:55:55.303+05:30  INFO 15544 --- [API-GATEWAY] [AsyncResolver-bootstrap-executor-%d] c.n.d.s.r.aws.ConfigClusterResolver      : Resolving eureka endpoints via configuration
2026-07-15T16:00:55.306+05:30  INFO 15544 --- [API-GATEWAY] [AsyncResolver-bootstrap-executor-%d] c.n.d.s.r.aws.ConfigClusterResolver      : Resolving eureka endpoints via configuration
2026-07-15T16:05:55.308+05:30  INFO 15544 --- [API-GATEWAY] [AsyncResolver-bootstrap-executor-%d] c.n.d.s.r.aws.ConfigClusterResolver      : Resolving eureka endpoints via configuration
2026-07-15T16:10:55.326+05:30  INFO 15544 --- [API-GATEWAY] [AsyncResolver-bootstrap-executor-%d] c.n.d.s.r.aws.ConfigClusterResolver      : Resolving eureka endpoints via configuration
2026-07-15T16:15:55.341+05:30  INFO 15544 --- [API-GATEWAY] [AsyncResolver-bootstrap-executor-%d] c.n.d.s.r.aws.ConfigClusterResolver      : Resolving eureka endpoints via configuration
2026-07-15T16:20:55.357+05:30  INFO 15544 --- [API-GATEWAY] [AsyncResolver-bootstrap-executor-%d] c.n.d.s.r.aws.ConfigClusterResolver      : Resolving eureka endpoints via configuration
2026-07-15T16:25:55.357+05:30  INFO 15544 --- [API-GATEWAY] [AsyncResolver-bootstrap-executor-%d] c.n.d.s.r.aws.ConfigClusterResolver      : Resolving eureka endpoints via configuration
2026-07-15T16:30:55.364+05:30  INFO 15544 --- [API-GATEWAY] [AsyncResolver-bootstrap-executor-%d] c.n.d.s.r.aws.ConfigClusterResolver      : Resolving eureka endpoints via configuration
2026-07-15T16:35:55.365+05:30  INFO 15544 --- [API-GATEWAY] [AsyncResolver-bootstrap-executor-%d] c.n.d.s.r.aws.ConfigClusterResolver      : Resolving eureka endpoints via configuration
2026-07-15T16:40:55.372+05:30  INFO 15544 --- [API-GATEWAY] [AsyncResolver-bootstrap-executor-%d] c.n.d.s.r.aws.ConfigClusterResolver      : Resolving eureka endpoints via configuration
2026-07-15T16:45:55.388+05:30  INFO 15544 --- [API-GATEWAY] [AsyncResolver-bootstrap-executor-%d] c.n.d.s.r.aws.ConfigClusterResolver      : Resolving eureka endpoints via configuration
2026-07-15T16:50:55.393+05:30  INFO 15544 --- [API-GATEWAY] [AsyncResolver-bootstrap-executor-%d] c.n.d.s.r.aws.ConfigClusterResolver      : Resolving eureka endpoints via configuration
2026-07-15T16:55:55.403+05:30  INFO 15544 --- [API-GATEWAY] [AsyncResolver-bootstrap-executor-%d] c.n.d.s.r.aws.ConfigClusterResolver      : Resolving eureka endpoints via configuration
2026-07-15T17:00:55.415+05:30  INFO 15544 --- [API-GATEWAY] [AsyncResolver-bootstrap-executor-%d] c.n.d.s.r.aws.ConfigClusterResolver      : Resolving eureka endpoints via configuration
2026-07-15T17:06:12.657+05:30  INFO 15544 --- [API-GATEWAY] [AsyncResolver-bootstrap-executor-%d] c.n.d.s.r.aws.ConfigClusterResolver      : Resolving eureka endpoints via configuration
2026-07-15T17:11:12.665+05:30  INFO 15544 --- [API-GATEWAY] [AsyncResolver-bootstrap-executor-%d] c.n.d.s.r.aws.ConfigClusterResolver      : Resolving eureka endpoints via configuration
2026-07-15T17:16:12.671+05:30  INFO 15544 --- [API-GATEWAY] [AsyncResolver-bootstrap-executor-%d] c.n.d.s.r.aws.ConfigClusterResolver      : Resolving eureka endpoints via configuration
2026-07-15T17:43:31.203+05:30  INFO 15544 --- [API-GATEWAY] [AsyncResolver-bootstrap-executor-%d] c.n.d.s.r.aws.ConfigClusterResolver      : Resolving eureka endpoints via configuration
2026-07-15T17:48:31.204+05:30  INFO 15544 --- [API-GATEWAY] [AsyncResolver-bootstrap-executor-%d] c.n.d.s.r.aws.ConfigClusterResolver      : Resolving eureka endpoints via configuration
2026-07-15T17:53:31.208+05:30  INFO 15544 --- [API-GATEWAY] [AsyncResolver-bootstrap-executor-%d] c.n.d.s.r.aws.ConfigClusterResolver      : Resolving eureka endpoints via configuration
2026-07-15T17:58:31.211+05:30  INFO 15544 --- [API-GATEWAY] [AsyncResolver-bootstrap-executor-%d] c.n.d.s.r.aws.ConfigClusterResolver      : Resolving eureka endpoints via configuration
2026-07-15T18:03:31.222+05:30  INFO 15544 --- [API-GATEWAY] [AsyncResolver-bootstrap-executor-%d] c.n.d.s.r.aws.ConfigClusterResolver      : Resolving eureka endpoints via configuration
2026-07-15T18:08:31.228+05:30  INFO 15544 --- [API-GATEWAY] [AsyncResolver-bootstrap-executor-%d] c.n.d.s.r.aws.ConfigClusterResolver      : Resolving eureka endpoints via configuration
2026-07-15T21:02:59.026+05:30  INFO 2724 --- [API-GATEWAY] [main] c.m.e.apigateway.ApigatewayApplication   : Starting ApigatewayApplication using Java 21.0.10 with PID 2724 (D:\SpringInitializr\The_Zipped\MicroService-Individual\apigateway\target\classes started by SOMENATH in D:\SpringInitializr\The_Zipped\MicroService-Individual\apigateway)
2026-07-15T21:02:59.028+05:30 DEBUG 2724 --- [API-GATEWAY] [main] c.m.e.apigateway.ApigatewayApplication   : Running with Spring Boot v3.5.14, Spring v6.2.18
2026-07-15T21:02:59.030+05:30  INFO 2724 --- [API-GATEWAY] [main] c.m.e.apigateway.ApigatewayApplication   : No active profile set, falling back to 1 default profile: "default"
2026-07-15T21:03:00.007+05:30  INFO 2724 --- [API-GATEWAY] [main] .s.d.r.c.RepositoryConfigurationDelegate : Multiple Spring Data modules found, entering strict repository configuration mode
2026-07-15T21:03:00.008+05:30  INFO 2724 --- [API-GATEWAY] [main] .s.d.r.c.RepositoryConfigurationDelegate : Bootstrapping Spring Data R2DBC repositories in DEFAULT mode.
2026-07-15T21:03:00.145+05:30  INFO 2724 --- [API-GATEWAY] [main] .s.d.r.c.RepositoryConfigurationDelegate : Finished Spring Data repository scanning in 111 ms. Found 1 R2DBC repository interface.
2026-07-15T21:03:00.387+05:30  INFO 2724 --- [API-GATEWAY] [main] o.s.cloud.context.scope.GenericScope     : BeanFactory id=9f9b8390-2d51-3dc5-8c12-f7e85fb6cbe8
2026-07-15T21:03:01.878+05:30  INFO 2724 --- [API-GATEWAY] [main] o.s.c.g.r.RouteDefinitionRouteLocator    : Loaded RoutePredicateFactory [After]
2026-07-15T21:03:01.878+05:30  INFO 2724 --- [API-GATEWAY] [main] o.s.c.g.r.RouteDefinitionRouteLocator    : Loaded RoutePredicateFactory [Before]
2026-07-15T21:03:01.878+05:30  INFO 2724 --- [API-GATEWAY] [main] o.s.c.g.r.RouteDefinitionRouteLocator    : Loaded RoutePredicateFactory [Between]
2026-07-15T21:03:01.878+05:30  INFO 2724 --- [API-GATEWAY] [main] o.s.c.g.r.RouteDefinitionRouteLocator    : Loaded RoutePredicateFactory [Cookie]
2026-07-15T21:03:01.878+05:30  INFO 2724 --- [API-GATEWAY] [main] o.s.c.g.r.RouteDefinitionRouteLocator    : Loaded RoutePredicateFactory [Header]
2026-07-15T21:03:01.878+05:30  INFO 2724 --- [API-GATEWAY] [main] o.s.c.g.r.RouteDefinitionRouteLocator    : Loaded RoutePredicateFactory [Host]
2026-07-15T21:03:01.878+05:30  INFO 2724 --- [API-GATEWAY] [main] o.s.c.g.r.RouteDefinitionRouteLocator    : Loaded RoutePredicateFactory [Method]
2026-07-15T21:03:01.878+05:30  INFO 2724 --- [API-GATEWAY] [main] o.s.c.g.r.RouteDefinitionRouteLocator    : Loaded RoutePredicateFactory [Path]
2026-07-15T21:03:01.878+05:30  INFO 2724 --- [API-GATEWAY] [main] o.s.c.g.r.RouteDefinitionRouteLocator    : Loaded RoutePredicateFactory [Query]
2026-07-15T21:03:01.878+05:30  INFO 2724 --- [API-GATEWAY] [main] o.s.c.g.r.RouteDefinitionRouteLocator    : Loaded RoutePredicateFactory [ReadBody]
2026-07-15T21:03:01.878+05:30  INFO 2724 --- [API-GATEWAY] [main] o.s.c.g.r.RouteDefinitionRouteLocator    : Loaded RoutePredicateFactory [RemoteAddr]
2026-07-15T21:03:01.878+05:30  INFO 2724 --- [API-GATEWAY] [main] o.s.c.g.r.RouteDefinitionRouteLocator    : Loaded RoutePredicateFactory [XForwardedRemoteAddr]
2026-07-15T21:03:01.878+05:30  INFO 2724 --- [API-GATEWAY] [main] o.s.c.g.r.RouteDefinitionRouteLocator    : Loaded RoutePredicateFactory [Weight]
2026-07-15T21:03:01.878+05:30  INFO 2724 --- [API-GATEWAY] [main] o.s.c.g.r.RouteDefinitionRouteLocator    : Loaded RoutePredicateFactory [CloudFoundryRouteService]
2026-07-15T21:03:03.247+05:30  INFO 2724 --- [API-GATEWAY] [main] o.s.b.a.e.web.EndpointLinksResolver      : Exposing 1 endpoint beneath base path '/actuator'
2026-07-15T21:03:04.306+05:30  INFO 2724 --- [API-GATEWAY] [main] DiscoveryClientOptionalArgsConfiguration : Eureka HTTP Client uses RestTemplate.
2026-07-15T21:03:04.429+05:30  WARN 2724 --- [API-GATEWAY] [main] iguration$LoadBalancerCaffeineWarnLogger : Spring Cloud LoadBalancer is currently working with the default cache. While this cache implementation is useful for development and tests, it's recommended to use Caffeine cache in production.You can switch to using Caffeine cache, by adding it and org.springframework.cache.caffeine.CaffeineCacheManager to the classpath.
2026-07-15T21:03:04.777+05:30  INFO 2724 --- [API-GATEWAY] [main] o.s.c.n.eureka.InstanceInfoFactory       : Setting initial instance status as: STARTING
2026-07-15T21:03:04.862+05:30  INFO 2724 --- [API-GATEWAY] [main] com.netflix.discovery.DiscoveryClient    : Initializing Eureka in region us-east-1
2026-07-15T21:03:04.878+05:30  INFO 2724 --- [API-GATEWAY] [main] c.n.d.s.r.aws.ConfigClusterResolver      : Resolving eureka endpoints via configuration
2026-07-15T21:03:04.911+05:30  INFO 2724 --- [API-GATEWAY] [main] com.netflix.discovery.DiscoveryClient    : Disable delta property : false
2026-07-15T21:03:04.912+05:30  INFO 2724 --- [API-GATEWAY] [main] com.netflix.discovery.DiscoveryClient    : Single vip registry refresh property : null
2026-07-15T21:03:04.915+05:30  INFO 2724 --- [API-GATEWAY] [main] com.netflix.discovery.DiscoveryClient    : Force full registry fetch : false
2026-07-15T21:03:04.915+05:30  INFO 2724 --- [API-GATEWAY] [main] com.netflix.discovery.DiscoveryClient    : Application is null : false
2026-07-15T21:03:04.916+05:30  INFO 2724 --- [API-GATEWAY] [main] com.netflix.discovery.DiscoveryClient    : Registered Applications size is zero : true
2026-07-15T21:03:04.918+05:30  INFO 2724 --- [API-GATEWAY] [main] com.netflix.discovery.DiscoveryClient    : Application version is -1: true
2026-07-15T21:03:04.919+05:30  INFO 2724 --- [API-GATEWAY] [main] com.netflix.discovery.DiscoveryClient    : Getting all instance registry info from the eureka server
2026-07-15T21:03:05.691+05:30  INFO 2724 --- [API-GATEWAY] [main] com.netflix.discovery.DiscoveryClient    : The response status is 200
2026-07-15T21:03:05.697+05:30  INFO 2724 --- [API-GATEWAY] [main] com.netflix.discovery.DiscoveryClient    : Starting heartbeat executor: renew interval is: 30
2026-07-15T21:03:05.697+05:30  INFO 2724 --- [API-GATEWAY] [main] c.n.discovery.InstanceInfoReplicator     : InstanceInfoReplicator onDemand update allowed rate per min is 4
2026-07-15T21:03:05.710+05:30  INFO 2724 --- [API-GATEWAY] [main] com.netflix.discovery.DiscoveryClient    : Discovery Client initialized at timestamp 1784129585697 with initial instances count: 3
2026-07-15T21:03:05.715+05:30  INFO 2724 --- [API-GATEWAY] [main] o.s.c.n.e.s.EurekaServiceRegistry        : Registering application API-GATEWAY with eureka with status UP
2026-07-15T21:03:05.715+05:30  INFO 2724 --- [API-GATEWAY] [main] com.netflix.discovery.DiscoveryClient    : Saw local status change event StatusChangeEvent [timestamp=1784129585715, current=UP, previous=STARTING]
2026-07-15T21:03:05.728+05:30  INFO 2724 --- [API-GATEWAY] [DiscoveryClient-InstanceInfoReplicator-%d] com.netflix.discovery.DiscoveryClient    : DiscoveryClient_API-GATEWAY/LAPTOP-R7OQ42VU:API-GATEWAY:8080: registering service...
2026-07-15T21:03:05.878+05:30  INFO 2724 --- [API-GATEWAY] [DiscoveryClient-InstanceInfoReplicator-%d] com.netflix.discovery.DiscoveryClient    : DiscoveryClient_API-GATEWAY/LAPTOP-R7OQ42VU:API-GATEWAY:8080 - registration status: 204
2026-07-15T21:03:06.326+05:30  INFO 2724 --- [API-GATEWAY] [main] o.s.b.web.embedded.netty.NettyWebServer  : Netty started on port 8080 (http)
2026-07-15T21:03:06.330+05:30  INFO 2724 --- [API-GATEWAY] [main] .s.c.n.e.s.EurekaAutoServiceRegistration : Updating port to 8080
2026-07-15T21:03:06.438+05:30  INFO 2724 --- [API-GATEWAY] [main] c.m.e.apigateway.ApigatewayApplication   : Started ApigatewayApplication in 7.737 seconds (process running for 8.292)
2026-07-15T21:08:04.929+05:30  INFO 2724 --- [API-GATEWAY] [AsyncResolver-bootstrap-executor-%d] c.n.d.s.r.aws.ConfigClusterResolver      : Resolving eureka endpoints via configuration
2026-07-15T21:13:04.937+05:30  INFO 2724 --- [API-GATEWAY] [AsyncResolver-bootstrap-executor-%d] c.n.d.s.r.aws.ConfigClusterResolver      : Resolving eureka endpoints via configuration
2026-07-15T21:16:54.037+05:30  INFO 2724 --- [API-GATEWAY] [RMI TCP Connection(24)-127.0.0.1] inMXBeanRegistrar$SpringApplicationAdmin : Application shutdown requested.
2026-07-15T21:16:54.038+05:30  INFO 2724 --- [API-GATEWAY] [RMI TCP Connection(24)-127.0.0.1] o.s.c.n.e.s.EurekaServiceRegistry        : Unregistering application API-GATEWAY with eureka with status DOWN
2026-07-15T21:16:54.038+05:30  INFO 2724 --- [API-GATEWAY] [RMI TCP Connection(24)-127.0.0.1] com.netflix.discovery.DiscoveryClient    : Saw local status change event StatusChangeEvent [timestamp=1784130414038, current=DOWN, previous=UP]
2026-07-15T21:16:54.039+05:30  INFO 2724 --- [API-GATEWAY] [DiscoveryClient-InstanceInfoReplicator-%d] com.netflix.discovery.DiscoveryClient    : DiscoveryClient_API-GATEWAY/LAPTOP-R7OQ42VU:API-GATEWAY:8080: registering service...
2026-07-15T21:16:54.040+05:30  INFO 2724 --- [API-GATEWAY] [RMI TCP Connection(24)-127.0.0.1] o.s.b.w.embedded.netty.GracefulShutdown  : Commencing graceful shutdown. Waiting for active requests to complete
2026-07-15T21:16:54.045+05:30  INFO 2724 --- [API-GATEWAY] [DiscoveryClient-InstanceInfoReplicator-%d] com.netflix.discovery.DiscoveryClient    : DiscoveryClient_API-GATEWAY/LAPTOP-R7OQ42VU:API-GATEWAY:8080 - registration status: 204
2026-07-15T21:16:54.086+05:30  INFO 2724 --- [API-GATEWAY] [netty-shutdown] o.s.b.w.embedded.netty.GracefulShutdown  : Graceful shutdown complete
2026-07-15T21:16:56.124+05:30  INFO 2724 --- [API-GATEWAY] [RMI TCP Connection(24)-127.0.0.1] com.netflix.discovery.DiscoveryClient    : Shutting down DiscoveryClient ...
2026-07-15T21:16:59.125+05:30  INFO 2724 --- [API-GATEWAY] [RMI TCP Connection(24)-127.0.0.1] com.netflix.discovery.DiscoveryClient    : Unregistering ...
2026-07-15T21:16:59.138+05:30  INFO 2724 --- [API-GATEWAY] [RMI TCP Connection(24)-127.0.0.1] com.netflix.discovery.DiscoveryClient    : DiscoveryClient_API-GATEWAY/LAPTOP-R7OQ42VU:API-GATEWAY:8080 - deregister  status: 200
2026-07-15T21:16:59.138+05:30  INFO 2724 --- [API-GATEWAY] [RMI TCP Connection(24)-127.0.0.1] com.netflix.discovery.DiscoveryClient    : Completed shut down of DiscoveryClient
